<?xml version="1.0" encoding="UTF-8"?>
<!-- Generated by org.testng.reporters.JUnitXMLReporter -->
<testsuite ignored="1" hostname="Juhis-MacBook-Air.local" failures="0" tests="2" name="/Users/juhikohale/Downloads/FrameworkFromScratch/testSuites" time="12.778" errors="0" timestamp="2024-02-29T13:01:47 IST">
  <testcase classname="org.submitOrderTest" name="submitProductOrder" time="2.789"/>
  <testcase classname="org.submitOrderTest" name="submitProductOrder" time="2.817"/>
  <testcase classname="org.submitOrderTest" name="orderHistoryTest" time="0.0">
    <ignored/>
  </testcase> <!-- orderHistoryTest -->
</testsuite> <!-- /Users/juhikohale/Downloads/FrameworkFromScratch/testSuites -->
